<?xml version="1.0" encoding="UTF-8"?>
<!-- Generated by org.testng.reporters.JUnitReportReporter -->
<testsuite hostname="LAPTOP-GO38GOBH" failures="0" tests="4" name="testng.Attributes" time="65.044" errors="0" timestamp="2024-11-18T13:29:48 IST" skipped="0">
  <testcase classname="testng.Attributes" name="dominos" time="12.962"/>
  <system-out>
    <![CDATA[Dominos is launched]]>
  </system-out>
  <testcase classname="testng.Attributes" name="Zomato" time="42.712"/>
  <system-out>
    <![CDATA[Zomato is launched]]>
  </system-out>
  <testcase classname="testng.Attributes" name="Olafoods" time="6.056"/>
  <system-out>
    <![CDATA[http://www.ola.com/]]>
  </system-out>
  <testcase classname="testng.Attributes" name="Swiggy" time="3.314"/>
  <system-out>
    <![CDATA[Swiggy is launched]]>
  </system-out>
</testsuite> <!-- testng.Attributes -->
