<?xml version="1.0" encoding="UTF-8"?>
<!-- Generated by org.testng.reporters.JUnitReportReporter -->
<testsuite hostname="LAPTOP-GO38GOBH" failures="0" tests="1" name="TestNgExecute.Zomato" time="3.491" errors="0" timestamp="2024-11-19T12:46:08 IST" skipped="0">
  <testcase classname="TestNgExecute.Zomato" name="zomatolaunch" time="3.491"/>
  <system-out>
    <![CDATA[Zomato page]]>
  </system-out>
</testsuite> <!-- TestNgExecute.Zomato -->
