<?xml version="1.0" encoding="UTF-8"?>
<!-- Generated by org.testng.reporters.JUnitReportReporter -->
<testsuite hostname="LAPTOP-GO38GOBH" failures="0" tests="1" name="TestNgExecute.olafood" time="3.479" errors="0" timestamp="2024-11-19T12:46:08 IST" skipped="0">
  <testcase classname="TestNgExecute.olafood" name="Swiggy" time="3.479"/>
  <system-out>
    <![CDATA[Swiggy is launched]]>
  </system-out>
</testsuite> <!-- TestNgExecute.olafood -->
