<?xml version="1.0" encoding="UTF-8"?>
<!-- Generated by org.testng.reporters.JUnitReportReporter -->
<testsuite hostname="LAPTOP-GO38GOBH" failures="0" tests="4" name="testng.DataProviderclass" time="38.800" errors="0" timestamp="2024-11-18T14:03:39 IST" skipped="0">
  <testcase classname="testng.DataProviderclass" name="senddata" time="16.957"/>
  <system-out/>
  <testcase classname="testng.DataProviderclass" name="senddata" time="8.099"/>
  <system-out/>
  <testcase classname="testng.DataProviderclass" name="senddata" time="7.237"/>
  <system-out/>
  <testcase classname="testng.DataProviderclass" name="senddata" time="6.507"/>
  <system-out/>
</testsuite> <!-- testng.DataProviderclass -->
