<?xml version="1.0" encoding="UTF-8"?>
<!-- Generated by org.testng.reporters.JUnitReportReporter -->
<testsuite hostname="LAPTOP-GO38GOBH" failures="0" tests="1" name="TestNgExecute.dominos" time="15.386" errors="0" timestamp="2024-11-19T12:46:08 IST" skipped="0">
  <testcase classname="TestNgExecute.dominos" name="Swiggy" time="15.386"/>
  <system-out>
    <![CDATA[Swiggy is launched]]>
  </system-out>
</testsuite> <!-- TestNgExecute.dominos -->
