<?xml version="1.0" encoding="UTF-8"?>
<!-- Generated by org.testng.reporters.JUnitReportReporter -->
<testsuite hostname="LAPTOP-GO38GOBH" failures="0" tests="1" name="TestNgExecute.swiggy" time="5.464" errors="0" timestamp="2024-11-19T19:02:34 IST" skipped="0">
  <testcase classname="TestNgExecute.swiggy" name="Swiggy" time="5.464"/>
  <system-out>
    <![CDATA[Swiggy is launched]]>
  </system-out>
</testsuite> <!-- TestNgExecute.swiggy -->
