<?xml version="1.0" encoding="UTF-8"?>
<!-- Generated by org.testng.reporters.JUnitReportReporter -->
<testsuite hostname="LAPTOP-GO38GOBH" failures="0" tests="1" name="testng.ChronologyOrders" time="0.007" errors="0" timestamp="2024-11-19T18:59:20 IST" skipped="0">
  <testcase classname="testng.ChronologyOrders" name="mainMethod" time="0.007"/>
  <system-out>
    <![CDATA[Main Method is getting Launched]]>
  </system-out>
</testsuite> <!-- testng.ChronologyOrders -->
